{"contracts/DEX.sol":{"l":{"30":81,"31":81,"32":81,"33":81,"45":32,"47":30,"49":25,"50":25,"53":5,"54":5,"57":5,"58":5,"62":30,"63":30,"66":30,"67":30,"68":30,"69":30,"71":30,"83":7,"84":7,"87":6,"88":6,"90":6,"93":6,"94":6,"95":6,"96":6,"99":6,"100":6,"102":6,"113":12,"114":11,"117":11,"118":11,"119":11,"122":11,"123":11,"126":11,"127":11,"129":11,"140":4,"141":3,"144":3,"145":3,"146":3,"149":3,"150":3,"153":3,"154":3,"156":3,"162":6,"163":5,"170":12,"171":12,"184":16,"185":16,"188":16,"189":16,"190":16,"191":16,"198":25,"199":25,"200":25,"201":25,"202":1785,"203":1785,"206":0},"path":"/app/contracts/DEX.sol","s":{"1":81,"2":81,"3":32,"4":30,"5":25,"6":5,"7":5,"8":5,"9":30,"10":30,"11":30,"12":7,"13":7,"14":6,"15":6,"16":6,"17":6,"18":12,"19":11,"20":11,"21":11,"22":11,"23":11,"24":11,"25":4,"26":3,"27":3,"28":3,"29":3,"30":3,"31":3,"32":6,"33":16,"34":16,"35":16,"36":16,"37":16,"38":25,"39":25,"40":25,"41":0},"b":{"1":[81,0],"2":[81,0],"3":[32,0],"4":[30,2],"5":[25,5],"6":[25,0],"7":[0,5],"8":[5,0],"9":[7,0],"10":[7,0],"11":[6,1],"12":[6,0],"13":[12,0],"14":[11,1],"15":[11,0],"16":[11,0],"17":[11,0],"18":[4,0],"19":[3,1],"20":[3,0],"21":[3,0],"22":[3,0],"23":[5,1],"24":[16,0],"25":[16,0],"26":[25,0],"27":[0,0]},"f":{"1":81,"2":32,"3":7,"4":12,"5":4,"6":6,"7":12,"8":16,"9":25},"fnMap":{"1":{"name":"constructor","line":29,"loc":{"start":{"line":29,"column":4},"end":{"line":34,"column":4}}},"2":{"name":"addLiquidity","line":42,"loc":{"start":{"line":40,"column":4},"end":{"line":72,"column":4}}},"3":{"name":"removeLiquidity","line":80,"loc":{"start":{"line":78,"column":4},"end":{"line":103,"column":4}}},"4":{"name":"swapAForB","line":110,"loc":{"start":{"line":108,"column":4},"end":{"line":130,"column":4}}},"5":{"name":"swapBForA","line":137,"loc":{"start":{"line":135,"column":4},"end":{"line":157,"column":4}}},"6":{"name":"getPrice","line":161,"loc":{"start":{"line":161,"column":4},"end":{"line":164,"column":4}}},"7":{"name":"getReserves","line":169,"loc":{"start":{"line":169,"column":4},"end":{"line":172,"column":4}}},"8":{"name":"getAmountOut","line":179,"loc":{"start":{"line":179,"column":4},"end":{"line":192,"column":4}}},"9":{"name":"sqrt","line":197,"loc":{"start":{"line":197,"column":4},"end":{"line":208,"column":4}}}},"statementMap":{"1":{"start":{"line":30,"column":8},"end":{"line":30,"column":87}},"2":{"start":{"line":31,"column":8},"end":{"line":31,"column":62}},"3":{"start":{"line":45,"column":8},"end":{"line":45,"column":76}},"4":{"start":{"line":47,"column":8},"end":{"line":47,"column":1990}},"5":{"start":{"line":50,"column":12},"end":{"line":50,"column":72}},"6":{"start":{"line":53,"column":12},"end":{"line":53,"column":70}},"7":{"start":{"line":54,"column":12},"end":{"line":54,"column":70}},"8":{"start":{"line":58,"column":12},"end":{"line":58,"column":72}},"9":{"start":{"line":62,"column":8},"end":{"line":62,"column":74}},"10":{"start":{"line":63,"column":8},"end":{"line":63,"column":74}},"11":{"start":{"line":71,"column":8},"end":{"line":71,"column":74}},"12":{"start":{"line":83,"column":8},"end":{"line":83,"column":68}},"13":{"start":{"line":84,"column":8},"end":{"line":84,"column":82}},"14":{"start":{"line":90,"column":8},"end":{"line":90,"column":66}},"15":{"start":{"line":99,"column":8},"end":{"line":99,"column":55}},"16":{"start":{"line":100,"column":8},"end":{"line":100,"column":55}},"17":{"start":{"line":102,"column":8},"end":{"line":102,"column":76}},"18":{"start":{"line":113,"column":8},"end":{"line":113,"column":62}},"19":{"start":{"line":114,"column":8},"end":{"line":114,"column":70}},"20":{"start":{"line":118,"column":8},"end":{"line":118,"column":60}},"21":{"start":{"line":119,"column":8},"end":{"line":119,"column":61}},"22":{"start":{"line":122,"column":8},"end":{"line":122,"column":76}},"23":{"start":{"line":123,"column":8},"end":{"line":123,"column":58}},"24":{"start":{"line":129,"column":8},"end":{"line":129,"column":68}},"25":{"start":{"line":140,"column":8},"end":{"line":140,"column":62}},"26":{"start":{"line":141,"column":8},"end":{"line":141,"column":70}},"27":{"start":{"line":145,"column":8},"end":{"line":145,"column":60}},"28":{"start":{"line":146,"column":8},"end":{"line":146,"column":61}},"29":{"start":{"line":149,"column":8},"end":{"line":149,"column":76}},"30":{"start":{"line":150,"column":8},"end":{"line":150,"column":58}},"31":{"start":{"line":156,"column":8},"end":{"line":156,"column":68}},"32":{"start":{"line":162,"column":8},"end":{"line":162,"column":44}},"33":{"start":{"line":184,"column":8},"end":{"line":184,"column":57}},"34":{"start":{"line":185,"column":8},"end":{"line":185,"column":73}},"35":{"start":{"line":188,"column":8},"end":{"line":188,"column":48}},"36":{"start":{"line":189,"column":8},"end":{"line":189,"column":56}},"37":{"start":{"line":190,"column":8},"end":{"line":190,"column":66}},"38":{"start":{"line":198,"column":8},"end":{"line":198,"column":8269}},"39":{"start":{"line":200,"column":12},"end":{"line":200,"column":33}},"40":{"start":{"line":201,"column":12},"end":{"line":201,"column":8355}},"41":{"start":{"line":205,"column":15},"end":{"line":205,"column":8460}}},"branchMap":{"1":{"line":30,"type":"if","locations":[{"start":{"line":30,"column":8},"end":{"line":30,"column":8}},{"start":{"line":30,"column":8},"end":{"line":30,"column":8}}]},"2":{"line":31,"type":"if","locations":[{"start":{"line":31,"column":8},"end":{"line":31,"column":8}},{"start":{"line":31,"column":8},"end":{"line":31,"column":8}}]},"3":{"line":42,"type":"if","locations":[{"start":{"line":42,"column":8},"end":{"line":42,"column":8}},{"start":{"line":42,"column":8},"end":{"line":42,"column":8}}]},"4":{"line":45,"type":"if","locations":[{"start":{"line":45,"column":8},"end":{"line":45,"column":8}},{"start":{"line":45,"column":8},"end":{"line":45,"column":8}}]},"5":{"line":47,"type":"if","locations":[{"start":{"line":47,"column":8},"end":{"line":47,"column":8}},{"start":{"line":47,"column":8},"end":{"line":47,"column":8}}]},"6":{"line":50,"type":"if","locations":[{"start":{"line":50,"column":12},"end":{"line":50,"column":12}},{"start":{"line":50,"column":12},"end":{"line":50,"column":12}}]},"7":{"line":57,"type":"if","locations":[{"start":{"line":57,"column":56},"end":{"line":57,"column":65}},{"start":{"line":57,"column":69},"end":{"line":57,"column":78}}]},"8":{"line":58,"type":"if","locations":[{"start":{"line":58,"column":12},"end":{"line":58,"column":12}},{"start":{"line":58,"column":12},"end":{"line":58,"column":12}}]},"9":{"line":80,"type":"if","locations":[{"start":{"line":80,"column":8},"end":{"line":80,"column":8}},{"start":{"line":80,"column":8},"end":{"line":80,"column":8}}]},"10":{"line":83,"type":"if","locations":[{"start":{"line":83,"column":8},"end":{"line":83,"column":8}},{"start":{"line":83,"column":8},"end":{"line":83,"column":8}}]},"11":{"line":84,"type":"if","locations":[{"start":{"line":84,"column":8},"end":{"line":84,"column":8}},{"start":{"line":84,"column":8},"end":{"line":84,"column":8}}]},"12":{"line":90,"type":"if","locations":[{"start":{"line":90,"column":8},"end":{"line":90,"column":8}},{"start":{"line":90,"column":8},"end":{"line":90,"column":8}}]},"13":{"line":110,"type":"if","locations":[{"start":{"line":110,"column":8},"end":{"line":110,"column":8}},{"start":{"line":110,"column":8},"end":{"line":110,"column":8}}]},"14":{"line":113,"type":"if","locations":[{"start":{"line":113,"column":8},"end":{"line":113,"column":8}},{"start":{"line":113,"column":8},"end":{"line":113,"column":8}}]},"15":{"line":114,"type":"if","locations":[{"start":{"line":114,"column":8},"end":{"line":114,"column":8}},{"start":{"line":114,"column":8},"end":{"line":114,"column":8}}]},"16":{"line":118,"type":"if","locations":[{"start":{"line":118,"column":8},"end":{"line":118,"column":8}},{"start":{"line":118,"column":8},"end":{"line":118,"column":8}}]},"17":{"line":119,"type":"if","locations":[{"start":{"line":119,"column":8},"end":{"line":119,"column":8}},{"start":{"line":119,"column":8},"end":{"line":119,"column":8}}]},"18":{"line":137,"type":"if","locations":[{"start":{"line":137,"column":8},"end":{"line":137,"column":8}},{"start":{"line":137,"column":8},"end":{"line":137,"column":8}}]},"19":{"line":140,"type":"if","locations":[{"start":{"line":140,"column":8},"end":{"line":140,"column":8}},{"start":{"line":140,"column":8},"end":{"line":140,"column":8}}]},"20":{"line":141,"type":"if","locations":[{"start":{"line":141,"column":8},"end":{"line":141,"column":8}},{"start":{"line":141,"column":8},"end":{"line":141,"column":8}}]},"21":{"line":145,"type":"if","locations":[{"start":{"line":145,"column":8},"end":{"line":145,"column":8}},{"start":{"line":145,"column":8},"end":{"line":145,"column":8}}]},"22":{"line":146,"type":"if","locations":[{"start":{"line":146,"column":8},"end":{"line":146,"column":8}},{"start":{"line":146,"column":8},"end":{"line":146,"column":8}}]},"23":{"line":162,"type":"if","locations":[{"start":{"line":162,"column":8},"end":{"line":162,"column":8}},{"start":{"line":162,"column":8},"end":{"line":162,"column":8}}]},"24":{"line":184,"type":"if","locations":[{"start":{"line":184,"column":8},"end":{"line":184,"column":8}},{"start":{"line":184,"column":8},"end":{"line":184,"column":8}}]},"25":{"line":185,"type":"if","locations":[{"start":{"line":185,"column":8},"end":{"line":185,"column":8}},{"start":{"line":185,"column":8},"end":{"line":185,"column":8}}]},"26":{"line":198,"type":"if","locations":[{"start":{"line":198,"column":8},"end":{"line":198,"column":8}},{"start":{"line":198,"column":8},"end":{"line":198,"column":8}}]},"27":{"line":205,"type":"if","locations":[{"start":{"line":205,"column":15},"end":{"line":205,"column":15}},{"start":{"line":205,"column":15},"end":{"line":205,"column":15}}]}}},"contracts/MockERC20.sol":{"l":{"13":162,"20":110},"path":"/app/contracts/MockERC20.sol","s":{"1":162,"2":110},"b":{},"f":{"1":162,"2":110},"fnMap":{"1":{"name":"constructor","line":12,"loc":{"start":{"line":12,"column":4},"end":{"line":14,"column":4}}},"2":{"name":"mint","line":19,"loc":{"start":{"line":19,"column":4},"end":{"line":21,"column":4}}}},"statementMap":{"1":{"start":{"line":13,"column":8},"end":{"line":13,"column":42}},"2":{"start":{"line":20,"column":8},"end":{"line":20,"column":24}}},"branchMap":{}}}